# JRE version: Java(TM) SE Runtime Environment (8.0_144-b01) (build 1.8.0_144-b01)
# Java VM: Java HotSpot(TM) 64-Bit Server VM (25.144-b01 mixed mode windows-amd64 compressed oops)
Heap:
 PSYoungGen      total 70656K, used 70401K [0x00000000d6900000, 0x00000000db300000, 0x0000000100000000)
  eden space 65536K, 100% used [0x00000000d6900000,0x00000000da900000,0x00000000da900000)
  from space 5120K, 95% used [0x00000000dae00000,0x00000000db2c0428,0x00000000db300000)
  to   space 5120K, 94% used [0x00000000da900000,0x00000000dadbb8c0,0x00000000dae00000)
 ParOldGen       total 86016K, used 13799K [0x0000000083a00000, 0x0000000088e00000, 0x00000000d6900000)
  object space 86016K, 16% used [0x0000000083a00000,0x0000000084779cd8,0x0000000088e00000)
 Metaspace       used 17058K, capacity 17254K, committed 17664K, reserved 1064960K
  class space    used 2121K, capacity 2187K, committed 2304K, reserved 1048576K
GC Heap History (9 events):
Event: 0.835 GC heap before
{Heap before GC invocations=1 (full 0):
 PSYoungGen      total 37888K, used 32768K [0x00000000d6900000, 0x00000000d9300000, 0x0000000100000000)
  eden space 32768K, 100% used [0x00000000d6900000,0x00000000d8900000,0x00000000d8900000)
  from space 5120K, 0% used [0x00000000d8e00000,0x00000000d8e00000,0x00000000d9300000)
  to   space 5120K, 0% used [0x00000000d8900000,0x00000000d8900000,0x00000000d8e00000)
 ParOldGen       total 86016K, used 0K [0x0000000083a00000, 0x0000000088e00000, 0x00000000d6900000)
  object space 86016K, 0% used [0x0000000083a00000,0x0000000083a00000,0x0000000088e00000)
 Metaspace       used 15624K, capacity 15842K, committed 16256K, reserved 1062912K
  class space    used 1967K, capacity 2059K, committed 2176K, reserved 1048576K
Event: 0.839 GC heap after
Heap after GC invocations=1 (full 0):
 PSYoungGen      total 37888K, used 5092K [0x00000000d6900000, 0x00000000d9300000, 0x0000000100000000)
  eden space 32768K, 0% used [0x00000000d6900000,0x00000000d6900000,0x00000000d8900000)
  from space 5120K, 99% used [0x00000000d8900000,0x00000000d8df9228,0x00000000d8e00000)
  to   space 5120K, 0% used [0x00000000d8e00000,0x00000000d8e00000,0x00000000d9300000)
 ParOldGen       total 86016K, used 267K [0x0000000083a00000, 0x0000000088e00000, 0x00000000d6900000)
  object space 86016K, 0% used [0x0000000083a00000,0x0000000083a42f78,0x0000000088e00000)
 Metaspace       used 15624K, capacity 15842K, committed 16256K, reserved 1062912K
  class space    used 1967K, capacity 2059K, committed 2176K, reserved 1048576K
}
Event: 1.016 GC heap before
{Heap before GC invocations=2 (full 0):
 PSYoungGen      total 37888K, used 37860K [0x00000000d6900000, 0x00000000d9300000, 0x0000000100000000)
  eden space 32768K, 100% used [0x00000000d6900000,0x00000000d8900000,0x00000000d8900000)
  from space 5120K, 99% used [0x00000000d8900000,0x00000000d8df9228,0x00000000d8e00000)
  to   space 5120K, 0% used [0x00000000d8e00000,0x00000000d8e00000,0x00000000d9300000)
 ParOldGen       total 86016K, used 267K [0x0000000083a00000, 0x0000000088e00000, 0x00000000d6900000)
  object space 86016K, 0% used [0x0000000083a00000,0x0000000083a42f78,0x0000000088e00000)
 Metaspace       used 16584K, capacity 16802K, committed 17152K, reserved 1064960K
  class space    used 2099K, capacity 2187K, committed 2304K, reserved 1048576K
Event: 1.021 GC heap after
Heap after GC invocations=2 (full 0):
 PSYoungGen      total 37888K, used 4958K [0x00000000d6900000, 0x00000000db300000, 0x0000000100000000)
  eden space 32768K, 0% used [0x00000000d6900000,0x00000000d6900000,0x00000000d8900000)
  from space 5120K, 96% used [0x00000000d8e00000,0x00000000d92d7b58,0x00000000d9300000)
  to   space 5120K, 0% used [0x00000000d8900000,0x00000000d8900000,0x00000000d8e00000)
 ParOldGen       total 86016K, used 13775K [0x0000000083a00000, 0x0000000088e00000, 0x00000000d6900000)
  object space 86016K, 16% used [0x0000000083a00000,0x0000000084773cd8,0x0000000088e00000)
 Metaspace       used 16584K, capacity 16802K, committed 17152K, reserved 1064960K
  class space    used 2099K, capacity 2187K, committed 2304K, reserved 1048576K
}
Event: 1.234 GC heap before
{Heap before GC invocations=3 (full 0):
 PSYoungGen      total 37888K, used 37726K [0x00000000d6900000, 0x00000000db300000, 0x0000000100000000)
  eden space 32768K, 100% used [0x00000000d6900000,0x00000000d8900000,0x00000000d8900000)
  from space 5120K, 96% used [0x00000000d8e00000,0x00000000d92d7b58,0x00000000d9300000)
  to   space 5120K, 0% used [0x00000000d8900000,0x00000000d8900000,0x00000000d8e00000)
 ParOldGen       total 86016K, used 13775K [0x0000000083a00000, 0x0000000088e00000, 0x00000000d6900000)
  object space 86016K, 16% used [0x0000000083a00000,0x0000000084773cd8,0x0000000088e00000)
 Metaspace       used 17040K, capacity 17254K, committed 17664K, reserved 1064960K
  class space    used 2120K, capacity 2187K, committed 2304K, reserved 1048576K
Event: 1.239 GC heap after
Heap after GC invocations=3 (full 0):
 PSYoungGen      total 37888K, used 4849K [0x00000000d6900000, 0x00000000db300000, 0x0000000100000000)
  eden space 32768K, 0% used [0x00000000d6900000,0x00000000d6900000,0x00000000d8900000)
  from space 5120K, 94% used [0x00000000d8900000,0x00000000d8dbc438,0x00000000d8e00000)
  to   space 5120K, 0% used [0x00000000dae00000,0x00000000dae00000,0x00000000db300000)
 ParOldGen       total 86016K, used 13783K [0x0000000083a00000, 0x0000000088e00000, 0x00000000d6900000)
  object space 86016K, 16% used [0x0000000083a00000,0x0000000084775cd8,0x0000000088e00000)
 Metaspace       used 17040K, capacity 17254K, committed 17664K, reserved 1064960K
  class space    used 2120K, capacity 2187K, committed 2304K, reserved 1048576K
}
Event: 1.414 GC heap before
{Heap before GC invocations=4 (full 0):
 PSYoungGen      total 37888K, used 37617K [0x00000000d6900000, 0x00000000db300000, 0x0000000100000000)
  eden space 32768K, 100% used [0x00000000d6900000,0x00000000d8900000,0x00000000d8900000)
  from space 5120K, 94% used [0x00000000d8900000,0x00000000d8dbc438,0x00000000d8e00000)
  to   space 5120K, 0% used [0x00000000dae00000,0x00000000dae00000,0x00000000db300000)
 ParOldGen       total 86016K, used 13783K [0x0000000083a00000, 0x0000000088e00000, 0x00000000d6900000)
  object space 86016K, 16% used [0x0000000083a00000,0x0000000084775cd8,0x0000000088e00000)
 Metaspace       used 17046K, capacity 17254K, committed 17664K, reserved 1064960K
  class space    used 2120K, capacity 2187K, committed 2304K, reserved 1048576K
Event: 1.418 GC heap after
Heap after GC invocations=4 (full 0):
 PSYoungGen      total 70656K, used 4865K [0x00000000d6900000, 0x00000000db300000, 0x0000000100000000)
  eden space 65536K, 0% used [0x00000000d6900000,0x00000000d6900000,0x00000000da900000)
  from space 5120K, 95% used [0x00000000dae00000,0x00000000db2c0428,0x00000000db300000)
  to   space 5120K, 0% used [0x00000000da900000,0x00000000da900000,0x00000000dae00000)
 ParOldGen       total 86016K, used 13791K [0x0000000083a00000, 0x0000000088e00000, 0x00000000d6900000)
  object space 86016K, 16% used [0x0000000083a00000,0x0000000084777cd8,0x0000000088e00000)
 Metaspace       used 17046K, capacity 17254K, committed 17664K, reserved 1064960K
  class space    used 2120K, capacity 2187K, committed 2304K, reserved 1048576K
}
Event: 1.677 GC heap before
{Heap before GC invocations=5 (full 0):
 PSYoungGen      total 70656K, used 70401K [0x00000000d6900000, 0x00000000db300000, 0x0000000100000000)
  eden space 65536K, 100% used [0x00000000d6900000,0x00000000da900000,0x00000000da900000)
  from space 5120K, 95% used [0x00000000dae00000,0x00000000db2c0428,0x00000000db300000)
  to   space 5120K, 0% used [0x00000000da900000,0x00000000da900000,0x00000000dae00000)
 ParOldGen       total 86016K, used 13791K [0x0000000083a00000, 0x0000000088e00000, 0x00000000d6900000)
  object space 86016K, 16% used [0x0000000083a00000,0x0000000084777cd8,0x0000000088e00000)
 Metaspace       used 17058K, capacity 17254K, committed 17664K, reserved 1064960K
  class space    used 2121K, capacity 2187K, committed 2304K, reserved 1048576K

